2024-12-11 16:03:44,142 [INFO] server listening on [::1]:8765
2024-12-11 16:03:44,143 [INFO] server listening on 127.0.0.1:8765
2024-12-11 16:03:44,143 [INFO] WebSocket server running on ws://localhost:8765
2024-12-11 16:04:04,489 [INFO] Initializing CollaborativeEditor with socket path: /tmp/nvim-socket1.sock
2024-12-11 16:04:04,495 [INFO] Successfully attached to Neovim
2024-12-11 16:04:04,495 [INFO] Editor site_id: 4af7dc9c-cf92-4008-b371-f195b8fdab1f
2024-12-11 16:04:04,501 [INFO] Using channel_id 3 for RPC notifications
2024-12-11 16:04:04,502 [INFO] Starting CollaborativeEditor
2024-12-11 16:04:04,502 [INFO] Attempting to connect to ws://localhost:8765
2024-12-11 16:04:04,513 [INFO] connection open
2024-12-11 16:04:04,513 [INFO] New client 740832 connected. Total clients: 1
2024-12-11 16:04:04,514 [INFO] Successfully connected to WebSocket server
2024-12-11 16:04:04,514 [INFO] Initializing NvimEventHandler
2024-12-11 16:04:04,514 [INFO] NvimEventHandler thread started
2024-12-11 16:04:04,516 [INFO] Neovim handler initialized with initial content
2024-12-11 16:04:06,371 [INFO] Received event from Nvim: Notification(type='notification', name='buffer_changed', args=[5, ['t']])
2024-12-11 16:04:06,641 [INFO] Received event from Nvim: Notification(type='notification', name='buffer_changed', args=[5, ['te']])
2024-12-11 16:04:06,902 [INFO] Received event from Nvim: Notification(type='notification', name='buffer_changed', args=[5, ['tes']])
2024-12-11 16:04:07,126 [INFO] Received event from Nvim: Notification(type='notification', name='buffer_changed', args=[5, ['test']])
2024-12-11 16:04:07,926 [INFO] Received event from Nvim: Notification(type='notification', name='buffer_changed', args=[5, ['test']])
2024-12-11 16:04:23,829 [INFO] Initializing CollaborativeEditor with socket path: /tmp/nvim-socket2
2024-12-11 16:04:23,829 [ERROR] Failed to attach to Neovim: [Errno 2] No such file or directory
Traceback (most recent call last):
  File "/home/dzakirm/Documents/KuliahSemester1-S2/SistemTerdistribusi/crdt/collab2.py", line 224, in __init__
    self.nvim = attach('socket', path=nvim_socket_path)
  File "/home/dzakirm/anaconda3/envs/DistributedSys/lib/python3.10/site-packages/pynvim/__init__.py", line 142, in attach
    socket_session(cast(str, path)) if session_type == 'socket' else
  File "/home/dzakirm/anaconda3/envs/DistributedSys/lib/python3.10/site-packages/pynvim/msgpack_rpc/__init__.py", line 39, in socket_session
    return session('socket', path)
  File "/home/dzakirm/anaconda3/envs/DistributedSys/lib/python3.10/site-packages/pynvim/msgpack_rpc/__init__.py", line 23, in session
    loop = EventLoop(transport_type, *args, **kwargs)
  File "/home/dzakirm/anaconda3/envs/DistributedSys/lib/python3.10/site-packages/pynvim/msgpack_rpc/event_loop/asyncio.py", line 132, in __init__
    super().__init__(transport_type, *args, **kwargs)
  File "/home/dzakirm/anaconda3/envs/DistributedSys/lib/python3.10/site-packages/pynvim/msgpack_rpc/event_loop/base.py", line 109, in __init__
    raise e
  File "/home/dzakirm/anaconda3/envs/DistributedSys/lib/python3.10/site-packages/pynvim/msgpack_rpc/event_loop/base.py", line 106, in __init__
    getattr(self, '_connect_{}'.format(transport_type))(*args, **kwargs)
  File "/home/dzakirm/anaconda3/envs/DistributedSys/lib/python3.10/site-packages/pynvim/msgpack_rpc/event_loop/asyncio.py", line 161, in _connect_socket
    self._loop.run_until_complete(connect_socket())
  File "/home/dzakirm/anaconda3/envs/DistributedSys/lib/python3.10/asyncio/base_events.py", line 649, in run_until_complete
    return future.result()
  File "/home/dzakirm/anaconda3/envs/DistributedSys/lib/python3.10/site-packages/pynvim/msgpack_rpc/event_loop/asyncio.py", line 154, in connect_socket
    transport, protocol = await _create_connection(
  File "/home/dzakirm/anaconda3/envs/DistributedSys/lib/python3.10/asyncio/unix_events.py", line 255, in create_unix_connection
    await self.sock_connect(sock, path)
  File "/home/dzakirm/anaconda3/envs/DistributedSys/lib/python3.10/asyncio/selector_events.py", line 501, in sock_connect
    return await fut
  File "/home/dzakirm/anaconda3/envs/DistributedSys/lib/python3.10/asyncio/selector_events.py", line 509, in _sock_connect
    sock.connect(address)
FileNotFoundError: [Errno 2] No such file or directory
2024-12-11 16:04:23,830 [ERROR] Fatal error: [Errno 2] No such file or directory
2024-12-11 16:04:30,406 [INFO] Initializing CollaborativeEditor with socket path: /tmp/nvim-socket2.sock
2024-12-11 16:04:30,411 [INFO] Successfully attached to Neovim
2024-12-11 16:04:30,412 [INFO] Editor site_id: e4b0f781-56df-49c1-b719-28a8c98dc31b
2024-12-11 16:04:30,418 [INFO] Using channel_id 3 for RPC notifications
2024-12-11 16:04:31,710 [INFO] Starting CollaborativeEditor
2024-12-11 16:04:31,710 [INFO] Attempting to connect to ws://localhost:8765
2024-12-11 16:04:31,721 [INFO] connection open
2024-12-11 16:04:31,721 [INFO] New client 009520 connected. Total clients: 2
2024-12-11 16:04:31,722 [INFO] Successfully connected to WebSocket server
2024-12-11 16:04:31,722 [INFO] Initializing NvimEventHandler
2024-12-11 16:04:31,722 [INFO] NvimEventHandler thread started
2024-12-11 16:04:31,724 [INFO] Neovim handler initialized with initial content
2024-12-11 16:05:16,861 [INFO] Client 009520 removed. Total clients: 1
2024-12-11 16:05:16,862 [INFO] Shutting down...
2024-12-11 16:05:29,165 [INFO] Initializing CollaborativeEditor with socket path: /tmp/nvim-socket2.sock
2024-12-11 16:05:29,171 [INFO] Successfully attached to Neovim
2024-12-11 16:05:29,171 [INFO] Editor site_id: 6d505446-396f-4754-bc58-22406835c4a9
2024-12-11 16:05:29,178 [INFO] Using channel_id 3 for RPC notifications
2024-12-11 16:05:29,179 [INFO] Starting CollaborativeEditor
2024-12-11 16:05:29,179 [INFO] Attempting to connect to ws://localhost:8765
2024-12-11 16:05:29,194 [INFO] connection open
2024-12-11 16:05:29,194 [INFO] New client 011152 connected. Total clients: 2
2024-12-11 16:05:29,195 [INFO] Successfully connected to WebSocket server
2024-12-11 16:05:29,195 [INFO] Initializing NvimEventHandler
2024-12-11 16:05:29,195 [INFO] NvimEventHandler thread started
2024-12-11 16:05:29,196 [INFO] Neovim handler initialized with initial content
2024-12-11 16:05:55,153 [INFO] Received event from Nvim: Notification(type='notification', name='buffer_changed', args=[5, ['tests']])
2024-12-11 16:05:55,213 [INFO] Received event from Nvim: Notification(type='notification', name='buffer_changed', args=[5, ['testsd']])
2024-12-11 16:05:55,388 [INFO] Received event from Nvim: Notification(type='notification', name='buffer_changed', args=[5, ['tests']])
2024-12-11 16:05:55,510 [INFO] Received event from Nvim: Notification(type='notification', name='buffer_changed', args=[5, ['test']])
2024-12-11 16:05:55,646 [INFO] Received event from Nvim: Notification(type='notification', name='buffer_changed', args=[5, ['tes']])
2024-12-11 16:05:55,786 [INFO] Received event from Nvim: Notification(type='notification', name='buffer_changed', args=[5, ['te']])
2024-12-11 16:05:55,925 [INFO] Received event from Nvim: Notification(type='notification', name='buffer_changed', args=[5, ['t']])
2024-12-11 16:05:56,067 [INFO] Received event from Nvim: Notification(type='notification', name='buffer_changed', args=[5, ['']])
2024-12-11 16:05:56,821 [INFO] Received event from Nvim: Notification(type='notification', name='buffer_changed', args=[5, ['t']])
2024-12-11 16:05:56,968 [INFO] Received event from Nvim: Notification(type='notification', name='buffer_changed', args=[5, ['te']])
2024-12-11 16:05:57,099 [INFO] Received event from Nvim: Notification(type='notification', name='buffer_changed', args=[5, ['tes']])
2024-12-11 16:05:57,260 [INFO] Received event from Nvim: Notification(type='notification', name='buffer_changed', args=[5, ['test']])
2024-12-11 16:05:57,622 [INFO] Received event from Nvim: Notification(type='notification', name='buffer_changed', args=[5, ['testi']])
2024-12-11 16:05:57,746 [INFO] Received event from Nvim: Notification(type='notification', name='buffer_changed', args=[5, ['testin']])
2024-12-11 16:05:57,829 [INFO] Received event from Nvim: Notification(type='notification', name='buffer_changed', args=[5, ['testing']])
2024-12-11 16:06:03,663 [INFO] Received event from Nvim: Notification(type='notification', name='buffer_changed', args=[5, ['testing', '']])
2024-12-11 16:06:03,803 [INFO] Received event from Nvim: Notification(type='notification', name='buffer_changed', args=[5, ['testing', '', '']])
2024-12-11 16:06:03,940 [INFO] Received event from Nvim: Notification(type='notification', name='buffer_changed', args=[5, ['testing', '', '', '']])
2024-12-11 16:06:04,081 [INFO] Received event from Nvim: Notification(type='notification', name='buffer_changed', args=[5, ['testing', '', '', '', '']])
2024-12-11 16:06:04,223 [INFO] Received event from Nvim: Notification(type='notification', name='buffer_changed', args=[5, ['testing', '', '', '', '', '']])
2024-12-11 16:06:04,353 [INFO] Received event from Nvim: Notification(type='notification', name='buffer_changed', args=[5, ['testing', '', '', '', '', '', '']])
2024-12-11 16:06:04,490 [INFO] Received event from Nvim: Notification(type='notification', name='buffer_changed', args=[5, ['testing', '', '', '', '', '', '', '']])
2024-12-11 16:06:04,842 [INFO] Received event from Nvim: Notification(type='notification', name='buffer_changed', args=[5, ['testing', '', '', '', '', '', '']])
2024-12-11 16:06:05,342 [INFO] Received event from Nvim: Notification(type='notification', name='buffer_changed', args=[5, ['testing', '', '', '', '', '']])
2024-12-11 16:06:05,371 [INFO] Received event from Nvim: Notification(type='notification', name='buffer_changed', args=[5, ['testing', '', '', '', '']])
2024-12-11 16:06:05,400 [INFO] Received event from Nvim: Notification(type='notification', name='buffer_changed', args=[5, ['testing', '', '', '']])
2024-12-11 16:06:05,432 [INFO] Received event from Nvim: Notification(type='notification', name='buffer_changed', args=[5, ['testing', '', '']])
2024-12-11 16:06:05,461 [INFO] Received event from Nvim: Notification(type='notification', name='buffer_changed', args=[5, ['testing', '']])
2024-12-11 16:06:05,491 [INFO] Received event from Nvim: Notification(type='notification', name='buffer_changed', args=[5, ['testing']])
2024-12-11 16:06:05,521 [INFO] Received event from Nvim: Notification(type='notification', name='buffer_changed', args=[5, ['testin']])
2024-12-11 16:06:05,550 [INFO] Received event from Nvim: Notification(type='notification', name='buffer_changed', args=[5, ['testi']])
2024-12-11 16:06:05,581 [INFO] Received event from Nvim: Notification(type='notification', name='buffer_changed', args=[5, ['test']])
2024-12-11 16:06:05,610 [INFO] Received event from Nvim: Notification(type='notification', name='buffer_changed', args=[5, ['tes']])
2024-12-11 16:06:05,650 [INFO] Received event from Nvim: Notification(type='notification', name='buffer_changed', args=[5, ['te']])
2024-12-11 16:06:05,672 [INFO] Received event from Nvim: Notification(type='notification', name='buffer_changed', args=[5, ['t']])
2024-12-11 16:06:05,700 [INFO] Received event from Nvim: Notification(type='notification', name='buffer_changed', args=[5, ['']])
2024-12-11 16:07:09,664 [INFO] Client 011152 removed. Total clients: 1
2024-12-11 16:07:09,665 [INFO] Shutting down...
2024-12-11 16:07:15,019 [INFO] Received event from Nvim: Notification(type='notification', name='buffer_changed', args=[5, ['q']])
2024-12-11 16:07:15,487 [INFO] Received event from Nvim: Notification(type='notification', name='buffer_changed', args=[5, ['']])
2024-12-11 16:07:15,707 [INFO] Received event from Nvim: Notification(type='notification', name='buffer_changed', args=[5, [':']])
2024-12-11 16:07:15,867 [INFO] Received event from Nvim: Notification(type='notification', name='buffer_changed', args=[5, [':q']])
2024-12-11 16:07:16,175 [INFO] Received event from Nvim: Notification(type='notification', name='buffer_changed', args=[5, [':']])
2024-12-11 16:07:16,302 [INFO] Received event from Nvim: Notification(type='notification', name='buffer_changed', args=[5, ['']])
2024-12-11 16:07:16,376 [INFO] Received event from Nvim: Notification(type='notification', name='buffer_changed', args=[5, ['']])
2024-12-11 16:07:32,429 [INFO] Initializing CollaborativeEditor with socket path: /tmp/nvim-socket2.sock
2024-12-11 16:07:32,429 [ERROR] Failed to attach to Neovim: [Errno 111] Connection refused
Traceback (most recent call last):
  File "/home/dzakirm/Documents/KuliahSemester1-S2/SistemTerdistribusi/crdt/collab2.py", line 224, in __init__
    self.nvim = attach('socket', path=nvim_socket_path)
  File "/home/dzakirm/anaconda3/envs/DistributedSys/lib/python3.10/site-packages/pynvim/__init__.py", line 142, in attach
    socket_session(cast(str, path)) if session_type == 'socket' else
  File "/home/dzakirm/anaconda3/envs/DistributedSys/lib/python3.10/site-packages/pynvim/msgpack_rpc/__init__.py", line 39, in socket_session
    return session('socket', path)
  File "/home/dzakirm/anaconda3/envs/DistributedSys/lib/python3.10/site-packages/pynvim/msgpack_rpc/__init__.py", line 23, in session
    loop = EventLoop(transport_type, *args, **kwargs)
  File "/home/dzakirm/anaconda3/envs/DistributedSys/lib/python3.10/site-packages/pynvim/msgpack_rpc/event_loop/asyncio.py", line 132, in __init__
    super().__init__(transport_type, *args, **kwargs)
  File "/home/dzakirm/anaconda3/envs/DistributedSys/lib/python3.10/site-packages/pynvim/msgpack_rpc/event_loop/base.py", line 109, in __init__
    raise e
  File "/home/dzakirm/anaconda3/envs/DistributedSys/lib/python3.10/site-packages/pynvim/msgpack_rpc/event_loop/base.py", line 106, in __init__
    getattr(self, '_connect_{}'.format(transport_type))(*args, **kwargs)
  File "/home/dzakirm/anaconda3/envs/DistributedSys/lib/python3.10/site-packages/pynvim/msgpack_rpc/event_loop/asyncio.py", line 161, in _connect_socket
    self._loop.run_until_complete(connect_socket())
  File "/home/dzakirm/anaconda3/envs/DistributedSys/lib/python3.10/asyncio/base_events.py", line 649, in run_until_complete
    return future.result()
  File "/home/dzakirm/anaconda3/envs/DistributedSys/lib/python3.10/site-packages/pynvim/msgpack_rpc/event_loop/asyncio.py", line 154, in connect_socket
    transport, protocol = await _create_connection(
  File "/home/dzakirm/anaconda3/envs/DistributedSys/lib/python3.10/asyncio/unix_events.py", line 255, in create_unix_connection
    await self.sock_connect(sock, path)
  File "/home/dzakirm/anaconda3/envs/DistributedSys/lib/python3.10/asyncio/selector_events.py", line 501, in sock_connect
    return await fut
  File "/home/dzakirm/anaconda3/envs/DistributedSys/lib/python3.10/asyncio/selector_events.py", line 509, in _sock_connect
    sock.connect(address)
ConnectionRefusedError: [Errno 111] Connection refused
2024-12-11 16:07:32,430 [ERROR] Fatal error: [Errno 111] Connection refused
2024-12-11 16:07:34,042 [INFO] Initializing CollaborativeEditor with socket path: /tmp/nvim-socket2.sock
2024-12-11 16:07:34,043 [ERROR] Failed to attach to Neovim: [Errno 111] Connection refused
Traceback (most recent call last):
  File "/home/dzakirm/Documents/KuliahSemester1-S2/SistemTerdistribusi/crdt/collab2.py", line 224, in __init__
    self.nvim = attach('socket', path=nvim_socket_path)
  File "/home/dzakirm/anaconda3/envs/DistributedSys/lib/python3.10/site-packages/pynvim/__init__.py", line 142, in attach
    socket_session(cast(str, path)) if session_type == 'socket' else
  File "/home/dzakirm/anaconda3/envs/DistributedSys/lib/python3.10/site-packages/pynvim/msgpack_rpc/__init__.py", line 39, in socket_session
    return session('socket', path)
  File "/home/dzakirm/anaconda3/envs/DistributedSys/lib/python3.10/site-packages/pynvim/msgpack_rpc/__init__.py", line 23, in session
    loop = EventLoop(transport_type, *args, **kwargs)
  File "/home/dzakirm/anaconda3/envs/DistributedSys/lib/python3.10/site-packages/pynvim/msgpack_rpc/event_loop/asyncio.py", line 132, in __init__
    super().__init__(transport_type, *args, **kwargs)
  File "/home/dzakirm/anaconda3/envs/DistributedSys/lib/python3.10/site-packages/pynvim/msgpack_rpc/event_loop/base.py", line 109, in __init__
    raise e
  File "/home/dzakirm/anaconda3/envs/DistributedSys/lib/python3.10/site-packages/pynvim/msgpack_rpc/event_loop/base.py", line 106, in __init__
    getattr(self, '_connect_{}'.format(transport_type))(*args, **kwargs)
  File "/home/dzakirm/anaconda3/envs/DistributedSys/lib/python3.10/site-packages/pynvim/msgpack_rpc/event_loop/asyncio.py", line 161, in _connect_socket
    self._loop.run_until_complete(connect_socket())
  File "/home/dzakirm/anaconda3/envs/DistributedSys/lib/python3.10/asyncio/base_events.py", line 649, in run_until_complete
    return future.result()
  File "/home/dzakirm/anaconda3/envs/DistributedSys/lib/python3.10/site-packages/pynvim/msgpack_rpc/event_loop/asyncio.py", line 154, in connect_socket
    transport, protocol = await _create_connection(
  File "/home/dzakirm/anaconda3/envs/DistributedSys/lib/python3.10/asyncio/unix_events.py", line 255, in create_unix_connection
    await self.sock_connect(sock, path)
  File "/home/dzakirm/anaconda3/envs/DistributedSys/lib/python3.10/asyncio/selector_events.py", line 501, in sock_connect
    return await fut
  File "/home/dzakirm/anaconda3/envs/DistributedSys/lib/python3.10/asyncio/selector_events.py", line 509, in _sock_connect
    sock.connect(address)
ConnectionRefusedError: [Errno 111] Connection refused
2024-12-11 16:07:34,044 [ERROR] Fatal error: [Errno 111] Connection refused
2024-12-11 16:07:43,953 [INFO] Received event from Nvim: Notification(type='notification', name='buffer_changed', args=[5, ['g']])
2024-12-11 16:07:44,170 [INFO] Received event from Nvim: Notification(type='notification', name='buffer_changed', args=[5, ['ge']])
2024-12-11 16:07:44,595 [INFO] Received event from Nvim: Notification(type='notification', name='buffer_changed', args=[5, ['g']])
2024-12-11 16:07:44,735 [INFO] Received event from Nvim: Notification(type='notification', name='buffer_changed', args=[5, ['']])
2024-12-11 16:07:47,170 [INFO] Received event from Nvim: Notification(type='notification', name='buffer_changed', args=[5, ['g']])
2024-12-11 16:07:47,415 [INFO] Received event from Nvim: Notification(type='notification', name='buffer_changed', args=[5, ['gs']])
2024-12-11 16:07:47,422 [INFO] Received event from Nvim: Notification(type='notification', name='buffer_changed', args=[5, ['gsa']])
2024-12-11 16:07:47,629 [INFO] Received event from Nvim: Notification(type='notification', name='buffer_changed', args=[5, ['gsad']])
2024-12-11 16:07:47,702 [INFO] Received event from Nvim: Notification(type='notification', name='buffer_changed', args=[5, ['gsads']])
2024-12-11 16:07:47,717 [INFO] Received event from Nvim: Notification(type='notification', name='buffer_changed', args=[5, ['gsadsa']])
2024-12-11 16:07:47,881 [INFO] Received event from Nvim: Notification(type='notification', name='buffer_changed', args=[5, ['gsads']])
2024-12-11 16:07:48,382 [INFO] Received event from Nvim: Notification(type='notification', name='buffer_changed', args=[5, ['gsad']])
2024-12-11 16:07:48,410 [INFO] Received event from Nvim: Notification(type='notification', name='buffer_changed', args=[5, ['gsa']])
2024-12-11 16:07:48,440 [INFO] Received event from Nvim: Notification(type='notification', name='buffer_changed', args=[5, ['gs']])
2024-12-11 16:07:48,471 [INFO] Received event from Nvim: Notification(type='notification', name='buffer_changed', args=[5, ['g']])
2024-12-11 16:07:48,500 [INFO] Received event from Nvim: Notification(type='notification', name='buffer_changed', args=[5, ['']])
2024-12-11 16:07:54,368 [INFO] Initializing CollaborativeEditor with socket path: /tmp/nvim-socket2.sock
2024-12-11 16:07:54,369 [ERROR] Failed to attach to Neovim: [Errno 111] Connection refused
Traceback (most recent call last):
  File "/home/dzakirm/Documents/KuliahSemester1-S2/SistemTerdistribusi/crdt/collab2.py", line 224, in __init__
    self.nvim = attach('socket', path=nvim_socket_path)
  File "/home/dzakirm/anaconda3/envs/DistributedSys/lib/python3.10/site-packages/pynvim/__init__.py", line 142, in attach
    socket_session(cast(str, path)) if session_type == 'socket' else
  File "/home/dzakirm/anaconda3/envs/DistributedSys/lib/python3.10/site-packages/pynvim/msgpack_rpc/__init__.py", line 39, in socket_session
    return session('socket', path)
  File "/home/dzakirm/anaconda3/envs/DistributedSys/lib/python3.10/site-packages/pynvim/msgpack_rpc/__init__.py", line 23, in session
    loop = EventLoop(transport_type, *args, **kwargs)
  File "/home/dzakirm/anaconda3/envs/DistributedSys/lib/python3.10/site-packages/pynvim/msgpack_rpc/event_loop/asyncio.py", line 132, in __init__
    super().__init__(transport_type, *args, **kwargs)
  File "/home/dzakirm/anaconda3/envs/DistributedSys/lib/python3.10/site-packages/pynvim/msgpack_rpc/event_loop/base.py", line 109, in __init__
    raise e
  File "/home/dzakirm/anaconda3/envs/DistributedSys/lib/python3.10/site-packages/pynvim/msgpack_rpc/event_loop/base.py", line 106, in __init__
    getattr(self, '_connect_{}'.format(transport_type))(*args, **kwargs)
  File "/home/dzakirm/anaconda3/envs/DistributedSys/lib/python3.10/site-packages/pynvim/msgpack_rpc/event_loop/asyncio.py", line 161, in _connect_socket
    self._loop.run_until_complete(connect_socket())
  File "/home/dzakirm/anaconda3/envs/DistributedSys/lib/python3.10/asyncio/base_events.py", line 649, in run_until_complete
    return future.result()
  File "/home/dzakirm/anaconda3/envs/DistributedSys/lib/python3.10/site-packages/pynvim/msgpack_rpc/event_loop/asyncio.py", line 154, in connect_socket
    transport, protocol = await _create_connection(
  File "/home/dzakirm/anaconda3/envs/DistributedSys/lib/python3.10/asyncio/unix_events.py", line 255, in create_unix_connection
    await self.sock_connect(sock, path)
  File "/home/dzakirm/anaconda3/envs/DistributedSys/lib/python3.10/asyncio/selector_events.py", line 501, in sock_connect
    return await fut
  File "/home/dzakirm/anaconda3/envs/DistributedSys/lib/python3.10/asyncio/selector_events.py", line 509, in _sock_connect
    sock.connect(address)
ConnectionRefusedError: [Errno 111] Connection refused
2024-12-11 16:07:54,370 [ERROR] Fatal error: [Errno 111] Connection refused
2024-12-11 16:07:55,988 [INFO] Initializing CollaborativeEditor with socket path: /tmp/nvim-socket2.sock
2024-12-11 16:07:55,989 [ERROR] Failed to attach to Neovim: [Errno 111] Connection refused
Traceback (most recent call last):
  File "/home/dzakirm/Documents/KuliahSemester1-S2/SistemTerdistribusi/crdt/collab2.py", line 224, in __init__
    self.nvim = attach('socket', path=nvim_socket_path)
  File "/home/dzakirm/anaconda3/envs/DistributedSys/lib/python3.10/site-packages/pynvim/__init__.py", line 142, in attach
    socket_session(cast(str, path)) if session_type == 'socket' else
  File "/home/dzakirm/anaconda3/envs/DistributedSys/lib/python3.10/site-packages/pynvim/msgpack_rpc/__init__.py", line 39, in socket_session
    return session('socket', path)
  File "/home/dzakirm/anaconda3/envs/DistributedSys/lib/python3.10/site-packages/pynvim/msgpack_rpc/__init__.py", line 23, in session
    loop = EventLoop(transport_type, *args, **kwargs)
  File "/home/dzakirm/anaconda3/envs/DistributedSys/lib/python3.10/site-packages/pynvim/msgpack_rpc/event_loop/asyncio.py", line 132, in __init__
    super().__init__(transport_type, *args, **kwargs)
  File "/home/dzakirm/anaconda3/envs/DistributedSys/lib/python3.10/site-packages/pynvim/msgpack_rpc/event_loop/base.py", line 109, in __init__
    raise e
  File "/home/dzakirm/anaconda3/envs/DistributedSys/lib/python3.10/site-packages/pynvim/msgpack_rpc/event_loop/base.py", line 106, in __init__
    getattr(self, '_connect_{}'.format(transport_type))(*args, **kwargs)
  File "/home/dzakirm/anaconda3/envs/DistributedSys/lib/python3.10/site-packages/pynvim/msgpack_rpc/event_loop/asyncio.py", line 161, in _connect_socket
    self._loop.run_until_complete(connect_socket())
  File "/home/dzakirm/anaconda3/envs/DistributedSys/lib/python3.10/asyncio/base_events.py", line 649, in run_until_complete
    return future.result()
  File "/home/dzakirm/anaconda3/envs/DistributedSys/lib/python3.10/site-packages/pynvim/msgpack_rpc/event_loop/asyncio.py", line 154, in connect_socket
    transport, protocol = await _create_connection(
  File "/home/dzakirm/anaconda3/envs/DistributedSys/lib/python3.10/asyncio/unix_events.py", line 255, in create_unix_connection
    await self.sock_connect(sock, path)
  File "/home/dzakirm/anaconda3/envs/DistributedSys/lib/python3.10/asyncio/selector_events.py", line 501, in sock_connect
    return await fut
  File "/home/dzakirm/anaconda3/envs/DistributedSys/lib/python3.10/asyncio/selector_events.py", line 509, in _sock_connect
    sock.connect(address)
ConnectionRefusedError: [Errno 111] Connection refused
2024-12-11 16:07:55,990 [ERROR] Fatal error: [Errno 111] Connection refused
2024-12-11 16:08:49,058 [INFO] Received event from Nvim: Notification(type='notification', name='buffer_changed', args=[5, ['s']])
2024-12-11 16:08:49,145 [INFO] Received event from Nvim: Notification(type='notification', name='buffer_changed', args=[5, ['sd']])
2024-12-11 16:08:49,263 [INFO] Received event from Nvim: Notification(type='notification', name='buffer_changed', args=[5, ['sda']])
2024-12-11 16:08:49,270 [INFO] Received event from Nvim: Notification(type='notification', name='buffer_changed', args=[5, ['sdas']])
2024-12-11 16:08:49,447 [INFO] Received event from Nvim: Notification(type='notification', name='buffer_changed', args=[5, ['sdasd']])
2024-12-11 16:08:49,657 [INFO] Received event from Nvim: Notification(type='notification', name='buffer_changed', args=[5, ['sdasds']])
2024-12-11 16:08:49,670 [INFO] Received event from Nvim: Notification(type='notification', name='buffer_changed', args=[5, ['sdasdsa']])
2024-12-11 16:08:49,835 [INFO] Received event from Nvim: Notification(type='notification', name='buffer_changed', args=[5, ['sdasdsad']])
2024-12-11 16:08:49,984 [INFO] Received event from Nvim: Notification(type='notification', name='buffer_changed', args=[5, ['sdasdsads']])
2024-12-11 16:08:50,034 [INFO] Received event from Nvim: Notification(type='notification', name='buffer_changed', args=[5, ['sdasdsadsa']])
2024-12-11 16:08:50,911 [INFO] Received event from Nvim: Notification(type='notification', name='buffer_changed', args=[5, ['sdasdsadsa', '']])
2024-12-11 16:08:51,226 [INFO] Received event from Nvim: Notification(type='notification', name='buffer_changed', args=[5, ['sdasdsadsa', 's']])
2024-12-11 16:08:51,310 [INFO] Received event from Nvim: Notification(type='notification', name='buffer_changed', args=[5, ['sdasdsadsa', 'sd']])
2024-12-11 16:08:51,405 [INFO] Received event from Nvim: Notification(type='notification', name='buffer_changed', args=[5, ['sdasdsadsa', 'sda']])
2024-12-11 16:08:51,533 [INFO] Received event from Nvim: Notification(type='notification', name='buffer_changed', args=[5, ['sdasdsadsa', 'sdad']])
2024-12-11 16:08:51,634 [INFO] Received event from Nvim: Notification(type='notification', name='buffer_changed', args=[5, ['sdasdsadsa', 'sdada']])
2024-12-11 16:08:53,229 [INFO] Received event from Nvim: Notification(type='notification', name='buffer_changed', args=[5, ['sdasdsadsa', 'sdasdsadsa']])
2024-12-11 16:08:53,719 [INFO] Received event from Nvim: Notification(type='notification', name='buffer_changed', args=[5, ['sdasdsadsa', 'sdasdsadsa', '']])
2024-12-11 16:08:54,449 [INFO] Received event from Nvim: Notification(type='notification', name='buffer_changed', args=[5, ['sdasdsadsa', 'sdasdsadsa', 'a']])
2024-12-11 16:08:54,473 [INFO] Received event from Nvim: Notification(type='notification', name='buffer_changed', args=[5, ['sdasdsadsa', 'sdasdsadsa', 'as']])
2024-12-11 16:08:54,557 [INFO] Received event from Nvim: Notification(type='notification', name='buffer_changed', args=[5, ['sdasdsadsa', 'sdasdsadsa', 'asd']])
2024-12-11 16:08:54,702 [INFO] Received event from Nvim: Notification(type='notification', name='buffer_changed', args=[5, ['sdasdsadsa', 'sdasdsadsa', 'asda']])
2024-12-11 16:08:54,704 [INFO] Received event from Nvim: Notification(type='notification', name='buffer_changed', args=[5, ['sdasdsadsa', 'sdasdsadsa', 'asdas']])
2024-12-11 16:08:54,875 [INFO] Received event from Nvim: Notification(type='notification', name='buffer_changed', args=[5, ['sdasdsadsa', 'sdasdsadsa', 'asdasd']])
2024-12-11 16:08:54,942 [INFO] Received event from Nvim: Notification(type='notification', name='buffer_changed', args=[5, ['sdasdsadsa', 'sdasdsadsa', 'asdasds']])
2024-12-11 16:08:55,029 [INFO] Received event from Nvim: Notification(type='notification', name='buffer_changed', args=[5, ['sdasdsadsa', 'sdasdsadsa', 'asdasdsa']])
2024-12-11 16:08:55,310 [INFO] Received event from Nvim: Notification(type='notification', name='buffer_changed', args=[5, ['sdasdsadsa', 'sdasdsadsa', 'asdasdsad']])
2024-12-11 16:08:55,413 [INFO] Received event from Nvim: Notification(type='notification', name='buffer_changed', args=[5, ['sdasdsadsa', 'sdasdsadsa', 'asdasdsads']])
2024-12-11 16:08:55,418 [INFO] Received event from Nvim: Notification(type='notification', name='buffer_changed', args=[5, ['sdasdsadsa', 'sdasdsadsa', 'asdasdsadsa']])
2024-12-11 16:08:55,461 [INFO] Received event from Nvim: Notification(type='notification', name='buffer_changed', args=[5, ['sdasdsadsa', 'sdasdsadsa', 'asdasdsadsaa']])
2024-12-11 16:08:55,589 [INFO] Received event from Nvim: Notification(type='notification', name='buffer_changed', args=[5, ['sdasdsadsa', 'sdasdsadsa', 'asdasdsadsaad']])
2024-12-11 16:08:55,697 [INFO] Received event from Nvim: Notification(type='notification', name='buffer_changed', args=[5, ['sdasdsadsa', 'sdasdsadsa', 'asdasdsadsaads']])
2024-12-11 16:08:55,943 [INFO] Received event from Nvim: Notification(type='notification', name='buffer_changed', args=[5, ['sdasdsadsa', 'sdasdsadsa', 'asdasdsadsaads', '']])
2024-12-11 16:08:56,305 [INFO] Received event from Nvim: Notification(type='notification', name='buffer_changed', args=[5, ['sdasdsadsa', 'sdasdsadsa', 'asdasdsadsaads', 'a']])
2024-12-11 16:08:56,323 [INFO] Received event from Nvim: Notification(type='notification', name='buffer_changed', args=[5, ['sdasdsadsa', 'sdasdsadsa', 'asdasdsadsaads', 'as']])
2024-12-11 16:08:56,383 [INFO] Received event from Nvim: Notification(type='notification', name='buffer_changed', args=[5, ['sdasdsadsa', 'sdasdsadsa', 'asdasdsadsaads', 'asd']])
2024-12-11 16:08:56,518 [INFO] Received event from Nvim: Notification(type='notification', name='buffer_changed', args=[5, ['sdasdsadsa', 'sdasdsadsa', 'asdasdsadsaads', 'asda']])
2024-12-11 16:10:15,665 [INFO] Received event from Nvim: Notification(type='notification', name='buffer_changed', args=[5, ['sdasdsadsa', 'sdasdsadsa', 'asdasdsadsaads', 'asdaad']])
2024-12-11 16:10:16,168 [INFO] Received event from Nvim: Notification(type='notification', name='buffer_changed', args=[5, ['sdasdsadsa', 'sdasdsadsa', 'asdasdsadsaads', 'asdaadas']])
2024-12-11 16:10:16,272 [INFO] Received event from Nvim: Notification(type='notification', name='buffer_changed', args=[5, ['sdasdsadsa', 'sdasdsadsa', 'asdasdsadsaads', 'asdaadasd']])
2024-12-11 16:10:16,503 [INFO] Received event from Nvim: Notification(type='notification', name='buffer_changed', args=[5, ['sdasdsadsa', 'sdasdsadsa', 'asdasdsadsaads', 'asdaadasdas']])
2024-12-11 16:10:17,211 [INFO] Received event from Nvim: Notification(type='notification', name='buffer_changed', args=[5, ['sdasdsadsa', 'sdasdsadsa', 'asdasdsadsaads', 'asdaadasdasd']])
2024-12-11 16:10:17,355 [INFO] Received event from Nvim: Notification(type='notification', name='buffer_changed', args=[5, ['sdasdsadsa', 'sdasdsadsa', 'asdasdsadsaads', 'asdaadasdasds']])
2024-12-11 16:10:17,408 [INFO] Received event from Nvim: Notification(type='notification', name='buffer_changed', args=[5, ['sdasdsadsa', 'sdasdsadsa', 'asdasdsadsaads', 'asdaadasdasdsa']])
2024-12-11 16:10:17,604 [INFO] Received event from Nvim: Notification(type='notification', name='buffer_changed', args=[5, ['sdasdsadsa', 'sdasdsadsa', 'asdasdsadsaads', 'asdaadasdasdsad']])
2024-12-11 16:10:17,787 [INFO] Received event from Nvim: Notification(type='notification', name='buffer_changed', args=[5, ['sdasdsadsa', 'sdasdsadsa', 'asdasdsadsaads', 'asdaadasdasdsads']])
2024-12-11 16:10:17,828 [INFO] Received event from Nvim: Notification(type='notification', name='buffer_changed', args=[5, ['sdasdsadsa', 'sdasdsadsa', 'asdasdsadsaads', 'asdaadasdasdsadsa']])
2024-12-11 16:10:18,007 [INFO] Received event from Nvim: Notification(type='notification', name='buffer_changed', args=[5, ['sdasdsadsa', 'sdasdsadsa', 'asdasdsadsaads', 'asdaadasdasdsadsad']])
2024-12-11 16:11:07,186 [INFO] Received event from Nvim: Notification(type='notification', name='buffer_changed', args=[5, ['sdasdsadsa', 'sdasdsadsa', 'asdasdsadsaads', 'asdaadasdasdsadsada']])
2024-12-11 16:11:07,246 [INFO] Received event from Nvim: Notification(type='notification', name='buffer_changed', args=[5, ['sdasdsadsa', 'sdasdsadsa', 'asdasdsadsaads', 'asdaadasdasdsadsadas']])
2024-12-11 16:11:07,371 [INFO] Received event from Nvim: Notification(type='notification', name='buffer_changed', args=[5, ['sdasdsadsa', 'sdasdsadsa', 'asdasdsadsaads', 'asdaadasdasdsadsadasd']])
2024-12-11 16:11:07,550 [INFO] Received event from Nvim: Notification(type='notification', name='buffer_changed', args=[5, ['sdasdsadsa', 'sdasdsadsa', 'asdasdsadsaads', 'asdaadasdasdsadsadasda']])
2024-12-11 16:11:07,571 [INFO] Received event from Nvim: Notification(type='notification', name='buffer_changed', args=[5, ['sdasdsadsa', 'sdasdsadsa', 'asdasdsadsaads', 'asdaadasdasdsadsadasdas']])
2024-12-11 16:11:07,701 [INFO] Received event from Nvim: Notification(type='notification', name='buffer_changed', args=[5, ['sdasdsadsa', 'sdasdsadsa', 'asdasdsadsaads', 'asdaadasdasdsadsadasdasd']])
2024-12-11 16:11:07,873 [INFO] Received event from Nvim: Notification(type='notification', name='buffer_changed', args=[5, ['sdasdsadsa', 'sdasdsadsa', 'asdasdsadsaads', 'asdaadasdasdsadsadasdasd', '']])
2024-12-11 16:11:08,138 [INFO] Received event from Nvim: Notification(type='notification', name='buffer_changed', args=[5, ['sdasdsadsa', 'sdasdsadsa', 'asdasdsadsaads', 'asdaadasdasdsadsadasdasd', 'a']])
2024-12-11 16:11:08,139 [INFO] Received event from Nvim: Notification(type='notification', name='buffer_changed', args=[5, ['sdasdsadsa', 'sdasdsadsa', 'asdasdsadsaads', 'asdaadasdasdsadsadasdasd', 'as']])
2024-12-11 16:11:08,240 [INFO] Received event from Nvim: Notification(type='notification', name='buffer_changed', args=[5, ['sdasdsadsa', 'sdasdsadsa', 'asdasdsadsaads', 'asdaadasdasdsadsadasdasd', 'asd']])
2024-12-11 16:11:08,364 [INFO] Received event from Nvim: Notification(type='notification', name='buffer_changed', args=[5, ['sdasdsadsa', 'sdasdsadsa', 'asdasdsadsaads', 'asdaadasdasdsadsadasdasd', 'asds']])
2024-12-11 16:11:08,366 [INFO] Received event from Nvim: Notification(type='notification', name='buffer_changed', args=[5, ['sdasdsadsa', 'sdasdsadsa', 'asdasdsadsaads', 'asdaadasdasdsadsadasdasd', 'asdsa']])
2024-12-11 16:11:08,515 [INFO] Received event from Nvim: Notification(type='notification', name='buffer_changed', args=[5, ['sdasdsadsa', 'sdasdsadsa', 'asdasdsadsaads', 'asdaadasdasdsadsadasdasd', 'asdsad']])
2024-12-11 16:11:08,619 [INFO] Received event from Nvim: Notification(type='notification', name='buffer_changed', args=[5, ['sdasdsadsa', 'sdasdsadsa', 'asdasdsadsaads', 'asdaadasdasdsadsadasdasd', 'asdsada']])
2024-12-11 16:11:08,691 [INFO] Received event from Nvim: Notification(type='notification', name='buffer_changed', args=[5, ['sdasdsadsa', 'sdasdsadsa', 'asdasdsadsaads', 'asdaadasdasdsadsadasdasd', 'asdsadas']])
2024-12-11 16:11:09,112 [INFO] Received event from Nvim: Notification(type='notification', name='buffer_changed', args=[5, ['sdasdsadsa', 'sdasdsadsa', 'asdasdsadsaads', 'asdaadasdasdsadsadasdasd', 'asdsadasd']])
2024-12-11 16:11:09,599 [INFO] Received event from Nvim: Notification(type='notification', name='buffer_changed', args=[5, ['sdasdsadsa', 'sdasdsadsa', 'asdasdsadsaads', 'asdaadasdasdsadsadasdasd', 'asdsadasds']])
2024-12-11 16:11:09,842 [INFO] Received event from Nvim: Notification(type='notification', name='buffer_changed', args=[5, ['sdasdsadsa', 'sdasdsadsa', 'asdasdsadsaads', 'asdaadasdasdsadsadasdasd', 'asdsadasdsa']])
2024-12-11 16:11:10,079 [INFO] Received event from Nvim: Notification(type='notification', name='buffer_changed', args=[5, ['sdasdsadsa', 'sdasdsadsa', 'asdasdsadsaads', 'asdaadasdasdsadsadasdasd', 'asdsadasdsad']])
2024-12-11 16:11:10,275 [INFO] Received event from Nvim: Notification(type='notification', name='buffer_changed', args=[5, ['sdasdsadsa', 'sdasdsadsa', 'asdasdsadsaads', 'asdaadasdasdsadsadasdasd', 'asdaadasdasdsadsadasdasd']])
2024-12-11 16:11:10,479 [INFO] Received event from Nvim: Notification(type='notification', name='buffer_changed', args=[5, ['sdasdsadsa', 'sdasdsadsa', 'asdasdsadsaads', 'asdaadasdasdsadsadasdasd', 'asdaadasdasdsadsadasdasd', '']])
2024-12-11 16:11:10,695 [INFO] Received event from Nvim: Notification(type='notification', name='buffer_changed', args=[5, ['sdasdsadsa', 'sdasdsadsa', 'asdasdsadsaads', 'asdaadasdasdsadsadasdasd', 'asdaadasdasdsadsadasdasd', '', '']])
2024-12-11 16:11:10,927 [INFO] Received event from Nvim: Notification(type='notification', name='buffer_changed', args=[5, ['sdasdsadsa', 'sdasdsadsa', 'asdasdsadsaads', 'asdaadasdasdsadsadasdasd', 'asdaadasdasdsadsadasdasd', '', '', '']])
2024-12-11 16:11:11,096 [INFO] Received event from Nvim: Notification(type='notification', name='buffer_changed', args=[5, ['sdasdsadsa', 'sdasdsadsa', 'asdasdsadsaads', 'asdaadasdasdsadsadasdasd', 'asdaadasdasdsadsadasdasd', '', '', '', '']])
2024-12-11 16:11:11,286 [INFO] Received event from Nvim: Notification(type='notification', name='buffer_changed', args=[5, ['sdasdsadsa', 'sdasdsadsa', 'asdasdsadsaads', 'asdaadasdasdsadsadasdasd', 'asdaadasdasdsadsadasdasd', '', '', '', '', '']])
2024-12-11 16:11:11,754 [INFO] Received event from Nvim: Notification(type='notification', name='buffer_changed', args=[5, ['sdasdsadsa', 'sdasdsadsa', 'asdasdsadsaads', 'asdaadasdasdsadsadasdasd', 'asdaadasdasdsadsadasdasd', '', '', '', '', '']])
2024-12-11 16:11:14,180 [INFO] Received event from Nvim: Notification(type='notification', name='buffer_changed', args=[5, ['sdasdsadsa', 'asdasdsadsaads', 'asdaadasdasdsadsadasdasd', 'asdaadasdasdsadsadasdasd', '', '', '', '', '']])
2024-12-11 16:11:15,318 [INFO] Received event from Nvim: Notification(type='notification', name='buffer_changed', args=[5, ['asdasdsadsaads', 'asdaadasdasdsadsadasdasd', 'asdaadasdasdsadsadasdasd', '', '', '', '', '']])
2024-12-11 16:11:15,699 [INFO] Received event from Nvim: Notification(type='notification', name='buffer_changed', args=[5, ['asdaadasdasdsadsadasdasd', 'asdaadasdasdsadsadasdasd', '', '', '', '', '']])
2024-12-11 16:11:16,189 [INFO] Received event from Nvim: Notification(type='notification', name='buffer_changed', args=[5, ['asdaadasdasdsadsadasdasd', '', '', '', '', '']])
2024-12-11 16:11:17,274 [INFO] Received event from Nvim: Notification(type='notification', name='buffer_changed', args=[5, ['', '', '', '', '']])
2024-12-11 16:11:21,251 [INFO] Received event from Nvim: Notification(type='notification', name='buffer_changed', args=[5, ['']])
2024-12-11 16:22:52,804 [INFO] Client 740832 removed. Total clients: 0
2024-12-11 16:22:52,805 [INFO] Shutting down...
2024-12-11 16:22:53,949 [INFO] server closing
2024-12-11 16:22:53,949 [INFO] server closed
2024-12-11 16:22:53,951 [INFO] Shutting down...
2024-12-11 16:56:24,558 [INFO] server listening on [::1]:8765
2024-12-11 16:56:24,558 [INFO] server listening on 127.0.0.1:8765
2024-12-11 16:56:24,558 [INFO] WebSocket server running on ws://localhost:8765
2024-12-11 16:57:01,345 [INFO] Initializing CollaborativeEditor with socket path: /tmp/nvim-socket1.sock
2024-12-11 16:57:01,351 [INFO] Successfully attached to Neovim
2024-12-11 16:57:01,351 [INFO] Editor site_id: bbd21823-0529-4df6-a4b0-98545340742a
2024-12-11 16:57:01,357 [INFO] Using channel_id 3 for RPC notifications
2024-12-11 16:57:01,358 [INFO] Starting CollaborativeEditor
2024-12-11 16:57:01,358 [INFO] Attempting to connect to ws://localhost:8765
2024-12-11 16:57:01,369 [INFO] connection open
2024-12-11 16:57:01,369 [INFO] New client 141744 connected. Total clients: 1
2024-12-11 16:57:01,370 [INFO] Successfully connected to WebSocket server
2024-12-11 16:57:01,370 [INFO] Initializing NvimEventHandler
2024-12-11 16:57:01,370 [INFO] NvimEventHandler thread started
2024-12-11 16:57:01,371 [INFO] Neovim handler initialized with initial content
2024-12-11 16:57:03,764 [INFO] Received event from Nvim: Notification(type='notification', name='buffer_changed', args=[5, ['g']])
2024-12-11 16:57:04,635 [INFO] Received event from Nvim: Notification(type='notification', name='buffer_changed', args=[5, ['ge']])
2024-12-11 16:57:04,918 [INFO] Received event from Nvim: Notification(type='notification', name='buffer_changed', args=[5, ['ges']])
2024-12-11 16:57:05,109 [INFO] Received event from Nvim: Notification(type='notification', name='buffer_changed', args=[5, ['gesd']])
2024-12-11 16:57:05,373 [INFO] Received event from Nvim: Notification(type='notification', name='buffer_changed', args=[5, ['gesda']])
2024-12-11 16:57:11,621 [INFO] Client 141744 removed. Total clients: 0
2024-12-11 16:57:11,622 [INFO] Shutting down...
2024-12-11 16:57:13,310 [INFO] server closing
2024-12-11 16:57:13,311 [INFO] server closed
2024-12-11 16:57:13,312 [INFO] Shutting down...
2024-12-11 16:57:16,420 [INFO] server listening on 127.0.0.1:8765
2024-12-11 16:57:16,420 [INFO] server listening on [::1]:8765
2024-12-11 16:57:16,420 [INFO] WebSocket server running on ws://localhost:8765
2024-12-11 16:57:19,274 [INFO] Initializing CollaborativeEditor with socket path: /tmp/nvim-socket1.sock
2024-12-11 16:57:19,280 [INFO] Successfully attached to Neovim
2024-12-11 16:57:19,280 [INFO] Editor site_id: 9e044211-46d7-4b62-877a-6832a0892fa6
2024-12-11 16:57:19,286 [INFO] Using channel_id 4 for RPC notifications
2024-12-11 16:57:19,287 [INFO] Starting CollaborativeEditor
2024-12-11 16:57:19,287 [INFO] Attempting to connect to ws://localhost:8765
2024-12-11 16:57:19,298 [INFO] connection open
2024-12-11 16:57:19,299 [INFO] New client 457008 connected. Total clients: 1
2024-12-11 16:57:19,299 [INFO] Successfully connected to WebSocket server
2024-12-11 16:57:19,299 [INFO] Initializing NvimEventHandler
2024-12-11 16:57:19,299 [INFO] NvimEventHandler thread started
2024-12-11 16:57:19,300 [INFO] Neovim handler initialized with initial content
2024-12-11 16:57:20,973 [INFO] Received event from Nvim: Notification(type='notification', name='buffer_changed', args=[5, ['gesdas']])
2024-12-11 16:57:20,992 [INFO] Received event from Nvim: Notification(type='notification', name='buffer_changed', args=[5, ['gesdasa']])
2024-12-11 16:57:21,117 [INFO] Received event from Nvim: Notification(type='notification', name='buffer_changed', args=[5, ['gesdasad']])
2024-12-11 16:57:21,722 [INFO] Received event from Nvim: Notification(type='notification', name='buffer_changed', args=[5, ['gesdasada']])
2024-12-11 16:57:21,731 [INFO] Received event from Nvim: Notification(type='notification', name='buffer_changed', args=[5, ['gesdasadas']])
2024-12-11 16:57:21,891 [INFO] Received event from Nvim: Notification(type='notification', name='buffer_changed', args=[5, ['gesdasadasd']])
2024-12-11 16:57:22,277 [INFO] Received event from Nvim: Notification(type='notification', name='buffer_changed', args=[5, ['gesdasadasda']])
2024-12-11 16:57:22,384 [INFO] Received event from Nvim: Notification(type='notification', name='buffer_changed', args=[5, ['gesdasadasdas']])
2024-12-11 16:57:22,680 [INFO] Received event from Nvim: Notification(type='notification', name='buffer_changed', args=[5, ['gesdasadasdasd']])
2024-12-11 16:57:24,538 [INFO] Received event from Nvim: Notification(type='notification', name='buffer_changed', args=[5, ['gesdasadasdasda']])
2024-12-11 16:57:24,691 [INFO] Received event from Nvim: Notification(type='notification', name='buffer_changed', args=[5, ['gesdasadasdasdas']])
2024-12-11 16:57:24,893 [INFO] Received event from Nvim: Notification(type='notification', name='buffer_changed', args=[5, ['gesdasadasdasdasd']])
2024-12-11 16:57:25,221 [INFO] Received event from Nvim: Notification(type='notification', name='buffer_changed', args=[5, ['gesdasadasdasdasda']])
2024-12-11 16:57:25,271 [INFO] Received event from Nvim: Notification(type='notification', name='buffer_changed', args=[5, ['gesdasadasdasdasdas']])
2024-12-11 16:57:25,444 [INFO] Received event from Nvim: Notification(type='notification', name='buffer_changed', args=[5, ['gesdasadasdasdasdasd']])
2024-12-11 16:57:25,691 [INFO] Received event from Nvim: Notification(type='notification', name='buffer_changed', args=[5, ['gesdasadasdasdasdasda']])
2024-12-11 16:57:25,727 [INFO] Received event from Nvim: Notification(type='notification', name='buffer_changed', args=[5, ['gesdasadasdasdasdasdas']])
2024-12-11 16:57:25,910 [INFO] Received event from Nvim: Notification(type='notification', name='buffer_changed', args=[5, ['gesdasadasdasdasdasdasd']])
2024-12-11 16:57:26,218 [INFO] Received event from Nvim: Notification(type='notification', name='buffer_changed', args=[5, ['gesdasadasdasdasdasdasda']])
2024-12-11 16:57:26,333 [INFO] Received event from Nvim: Notification(type='notification', name='buffer_changed', args=[5, ['gesdasadasdasdasdasdasdas']])
2024-12-11 16:57:26,454 [INFO] Received event from Nvim: Notification(type='notification', name='buffer_changed', args=[5, ['gesdasadasdasdasdasdasdasd']])
2024-12-11 16:57:28,502 [INFO] Received event from Nvim: Notification(type='notification', name='buffer_changed', args=[5, ['gesdasadasdasdasdasdasdasd']])
2024-12-11 17:00:56,635 [INFO] Client 457008 removed. Total clients: 0
2024-12-11 17:00:56,636 [INFO] server closing
2024-12-11 17:00:56,636 [INFO] server closed
2024-12-11 17:00:56,637 [INFO] Shutting down...
2024-12-11 17:00:56,645 [ERROR] Connection error: no close frame received or sent
Traceback (most recent call last):
  File "/home/dzakirm/Documents/KuliahSemester1-S2/SistemTerdistribusi/project/collab2.py", line 340, in connect
  File "/home/dzakirm/Documents/KuliahSemester1-S2/SistemTerdistribusi/project/collab2.py", line 307, in _handle_websocket_events
    async def _handle_websocket_events(self):
  File "/home/dzakirm/anaconda3/envs/DistributedSys/lib/python3.10/site-packages/websockets/asyncio/connection.py", line 242, in __aiter__
    yield await self.recv()
  File "/home/dzakirm/anaconda3/envs/DistributedSys/lib/python3.10/site-packages/websockets/asyncio/connection.py", line 313, in recv
    raise self.protocol.close_exc from self.recv_exc
websockets.exceptions.ConnectionClosedError: no close frame received or sent
2024-12-11 17:00:57,659 [INFO] Attempting to connect to ws://localhost:8765
2024-12-11 17:00:57,661 [ERROR] Connection error: Multiple exceptions: [Errno 111] Connect call failed ('::1', 8765, 0, 0), [Errno 111] Connect call failed ('127.0.0.1', 8765)
Traceback (most recent call last):
  File "/home/dzakirm/Documents/KuliahSemester1-S2/SistemTerdistribusi/project/collab2.py", line 331, in connect
    logger.info(f"Attempting to connect to {self.websocket_url}")
  File "/home/dzakirm/anaconda3/envs/DistributedSys/lib/python3.10/site-packages/websockets/asyncio/client.py", line 485, in __aenter__
    return await self
  File "/home/dzakirm/anaconda3/envs/DistributedSys/lib/python3.10/site-packages/websockets/asyncio/client.py", line 442, in __await_impl__
    self.connection = await self.create_connection()
  File "/home/dzakirm/anaconda3/envs/DistributedSys/lib/python3.10/site-packages/websockets/asyncio/client.py", line 368, in create_connection
    _, connection = await loop.create_connection(factory, **kwargs)
  File "/home/dzakirm/anaconda3/envs/DistributedSys/lib/python3.10/asyncio/base_events.py", line 1084, in create_connection
    raise OSError('Multiple exceptions: {}'.format(
OSError: Multiple exceptions: [Errno 111] Connect call failed ('::1', 8765, 0, 0), [Errno 111] Connect call failed ('127.0.0.1', 8765)
2024-12-11 17:00:58,674 [INFO] Attempting to connect to ws://localhost:8765
2024-12-11 17:00:58,676 [ERROR] Connection error: Multiple exceptions: [Errno 111] Connect call failed ('::1', 8765, 0, 0), [Errno 111] Connect call failed ('127.0.0.1', 8765)
Traceback (most recent call last):
  File "/home/dzakirm/Documents/KuliahSemester1-S2/SistemTerdistribusi/project/collab2.py", line 331, in connect
    logger.info(f"Attempting to connect to {self.websocket_url}")
  File "/home/dzakirm/anaconda3/envs/DistributedSys/lib/python3.10/site-packages/websockets/asyncio/client.py", line 485, in __aenter__
    return await self
  File "/home/dzakirm/anaconda3/envs/DistributedSys/lib/python3.10/site-packages/websockets/asyncio/client.py", line 442, in __await_impl__
    self.connection = await self.create_connection()
  File "/home/dzakirm/anaconda3/envs/DistributedSys/lib/python3.10/site-packages/websockets/asyncio/client.py", line 368, in create_connection
    _, connection = await loop.create_connection(factory, **kwargs)
  File "/home/dzakirm/anaconda3/envs/DistributedSys/lib/python3.10/asyncio/base_events.py", line 1084, in create_connection
    raise OSError('Multiple exceptions: {}'.format(
OSError: Multiple exceptions: [Errno 111] Connect call failed ('::1', 8765, 0, 0), [Errno 111] Connect call failed ('127.0.0.1', 8765)
2024-12-11 17:00:59,339 [INFO] Shutting down...
2024-12-11 17:01:02,754 [INFO] server listening on 127.0.0.1:8765
2024-12-11 17:01:02,755 [INFO] server listening on [::1]:8765
2024-12-11 17:01:02,755 [INFO] WebSocket server running on ws://localhost:8765
2024-12-11 17:01:05,901 [INFO] Initializing CollaborativeEditor with socket path: /tmp/nvim-socket1.sock
2024-12-11 17:01:05,906 [INFO] Successfully attached to Neovim
2024-12-11 17:01:05,906 [INFO] Editor site_id: eb6d08ff-eca2-47b4-b0e5-d5e2e65ba1fc
2024-12-11 17:01:05,912 [INFO] Using channel_id 5 for RPC notifications
2024-12-11 17:01:05,914 [INFO] gesdasadasdasdasdasdasdasd
2024-12-11 17:01:05,914 [INFO] Starting CollaborativeEditor
2024-12-11 17:01:05,914 [INFO] Attempting to connect to ws://localhost:8765
2024-12-11 17:01:05,926 [INFO] connection open
2024-12-11 17:01:05,926 [INFO] New client 767856 connected. Total clients: 1
2024-12-11 17:01:05,926 [INFO] Successfully connected to WebSocket server
2024-12-11 17:01:05,927 [INFO] Initializing NvimEventHandler
2024-12-11 17:01:05,927 [INFO] NvimEventHandler thread started
2024-12-11 17:01:05,928 [INFO] Neovim handler initialized with initial content
2024-12-11 17:01:38,465 [INFO] Client 767856 removed. Total clients: 0
2024-12-11 17:01:38,465 [INFO] server closing
2024-12-11 17:01:38,465 [INFO] server closed
2024-12-11 17:01:38,467 [INFO] Shutting down...
2024-12-11 17:01:38,475 [ERROR] Connection error: no close frame received or sent
Traceback (most recent call last):
  File "/home/dzakirm/Documents/KuliahSemester1-S2/SistemTerdistribusi/project/collab2.py", line 341, in connect
    await self._handle_websocket_events()
  File "/home/dzakirm/Documents/KuliahSemester1-S2/SistemTerdistribusi/project/collab2.py", line 308, in _handle_websocket_events
    async for message in self.websocket:
  File "/home/dzakirm/anaconda3/envs/DistributedSys/lib/python3.10/site-packages/websockets/asyncio/connection.py", line 242, in __aiter__
    yield await self.recv()
  File "/home/dzakirm/anaconda3/envs/DistributedSys/lib/python3.10/site-packages/websockets/asyncio/connection.py", line 313, in recv
    raise self.protocol.close_exc from self.recv_exc
websockets.exceptions.ConnectionClosedError: no close frame received or sent
2024-12-11 17:01:39,477 [INFO] Attempting to connect to ws://localhost:8765
2024-12-11 17:01:39,480 [ERROR] Connection error: Multiple exceptions: [Errno 111] Connect call failed ('::1', 8765, 0, 0), [Errno 111] Connect call failed ('127.0.0.1', 8765)
Traceback (most recent call last):
  File "/home/dzakirm/Documents/KuliahSemester1-S2/SistemTerdistribusi/project/collab2.py", line 332, in connect
    async with websockets.connect(self.websocket_url) as websocket:
  File "/home/dzakirm/anaconda3/envs/DistributedSys/lib/python3.10/site-packages/websockets/asyncio/client.py", line 485, in __aenter__
    return await self
  File "/home/dzakirm/anaconda3/envs/DistributedSys/lib/python3.10/site-packages/websockets/asyncio/client.py", line 442, in __await_impl__
    self.connection = await self.create_connection()
  File "/home/dzakirm/anaconda3/envs/DistributedSys/lib/python3.10/site-packages/websockets/asyncio/client.py", line 368, in create_connection
    _, connection = await loop.create_connection(factory, **kwargs)
  File "/home/dzakirm/anaconda3/envs/DistributedSys/lib/python3.10/asyncio/base_events.py", line 1084, in create_connection
    raise OSError('Multiple exceptions: {}'.format(
OSError: Multiple exceptions: [Errno 111] Connect call failed ('::1', 8765, 0, 0), [Errno 111] Connect call failed ('127.0.0.1', 8765)
2024-12-11 17:01:39,840 [INFO] Shutting down...
2024-12-11 17:01:42,342 [INFO] server listening on [::1]:8765
2024-12-11 17:01:42,342 [INFO] server listening on 127.0.0.1:8765
2024-12-11 17:01:42,342 [INFO] WebSocket server running on ws://localhost:8765
2024-12-11 17:01:43,700 [INFO] Initializing CollaborativeEditor with socket path: /tmp/nvim-socket1.sock
2024-12-11 17:01:43,705 [INFO] Successfully attached to Neovim
2024-12-11 17:01:43,706 [INFO] Editor site_id: c377124a-a11f-4893-bb55-4df11cde9459
2024-12-11 17:01:43,712 [INFO] Using channel_id 6 for RPC notifications
2024-12-11 17:01:43,713 [INFO] Initial text: gesdasadasdasdasdasdasdasd
2024-12-11 17:01:43,713 [INFO] Starting CollaborativeEditor
2024-12-11 17:01:43,713 [INFO] Attempting to connect to ws://localhost:8765
2024-12-11 17:01:43,725 [INFO] connection open
2024-12-11 17:01:43,726 [INFO] New client 325936 connected. Total clients: 1
2024-12-11 17:01:43,726 [INFO] Successfully connected to WebSocket server
2024-12-11 17:01:43,726 [INFO] Initializing NvimEventHandler
2024-12-11 17:01:43,727 [INFO] NvimEventHandler thread started
2024-12-11 17:01:43,728 [INFO] Neovim handler initialized with initial content
